<?xml version="1.0" encoding="UTF-8"?>
<!-- Generated by org.testng.reporters.JUnitReportReporter -->
<testsuite hostname="DESKTOP-Q9QPMP0" failures="0" tests="1" name="API.test1" time="2.986" errors="0" timestamp="2024-04-02T16:47:28 IST" skipped="0">
  <testcase classname="API.test1" name="t1" time="2.986"/>
  <system-out/>
</testsuite> <!-- API.test1 -->
