<?xml version="1.0" encoding="UTF-8"?>
<!-- Generated by org.testng.reporters.JUnitReportReporter -->
<testsuite hostname="DESKTOP-Q9QPMP0" failures="0" tests="1" name="foo" time="14.356" errors="0" timestamp="2024-03-31T14:29:18 IST" skipped="0">
  <testcase classname="foo" name="m1" time="14.356"/>
  <system-out/>
</testsuite> <!-- foo -->
