<?xml version="1.0" encoding="UTF-8"?>
<!-- Generated by org.testng.reporters.JUnitReportReporter -->
<testsuite hostname="DESKTOP-Q9QPMP0" failures="0" tests="1" name="zoo" time="31.323" errors="0" timestamp="2024-03-31T18:23:12 IST" skipped="0">
  <testcase classname="zoo" name="m1" time="31.323"/>
  <system-out/>
</testsuite> <!-- zoo -->
