<?xml version="1.0" encoding="UTF-8"?>
<!-- Generated by org.testng.reporters.JUnitReportReporter -->
<testsuite hostname="DESKTOP-Q9QPMP0" failures="0" tests="1" name="Base" time="15.103" errors="0" timestamp="2024-04-16T14:46:37 IST" skipped="0">
  <testcase classname="Base" name="testCalender" time="15.103"/>
  <system-out/>
</testsuite> <!-- Base -->
